CRITICAL - 2023-11-29 10:19:24 --> Undefined variable $user
in APPPATH\Views\profile_view.php on line 9.
 1 APPPATH\Views\profile_view.php(9): CodeIgniter\Debug\Exceptions->errorHandler(2, 'Undefined variable $user', 'C:\\xampp\\htdocs\\eComm_project\\app\\Views\\profile_view.php', 9)
 2 SYSTEMPATH\View\View.php(228): include('C:\\xampp\\htdocs\\eComm_project\\app\\Views\\profile_view.php')
 3 SYSTEMPATH\View\View.php(231): CodeIgniter\View\View->CodeIgniter\View\{closure}()
 4 SYSTEMPATH\Common.php(1190): CodeIgniter\View\View->render('profile_view', [], true)
 5 APPPATH\Controllers\User.php(20): view('profile_view', [...])
 6 SYSTEMPATH\CodeIgniter.php(942): App\Controllers\User->profile('ID-20231124-124020-1')
 7 SYSTEMPATH\CodeIgniter.php(502): CodeIgniter\CodeIgniter->runController(Object(App\Controllers\User))
 8 SYSTEMPATH\CodeIgniter.php(361): CodeIgniter\CodeIgniter->handleRequest(null, Object(Config\Cache), false)
 9 FCPATH\index.php(79): CodeIgniter\CodeIgniter->run()
CRITICAL - 2023-11-29 10:20:21 --> Undefined variable $user
in APPPATH\Views\profile_view.php on line 9.
 1 APPPATH\Views\profile_view.php(9): CodeIgniter\Debug\Exceptions->errorHandler(2, 'Undefined variable $user', 'C:\\xampp\\htdocs\\eComm_project\\app\\Views\\profile_view.php', 9)
 2 SYSTEMPATH\View\View.php(228): include('C:\\xampp\\htdocs\\eComm_project\\app\\Views\\profile_view.php')
 3 SYSTEMPATH\View\View.php(231): CodeIgniter\View\View->CodeIgniter\View\{closure}()
 4 SYSTEMPATH\Common.php(1190): CodeIgniter\View\View->render('profile_view', [], true)
 5 APPPATH\Controllers\User.php(20): view('profile_view', [...])
 6 SYSTEMPATH\CodeIgniter.php(942): App\Controllers\User->profile('ID-20231124-124020-1')
 7 SYSTEMPATH\CodeIgniter.php(502): CodeIgniter\CodeIgniter->runController(Object(App\Controllers\User))
 8 SYSTEMPATH\CodeIgniter.php(361): CodeIgniter\CodeIgniter->handleRequest(null, Object(Config\Cache), false)
 9 FCPATH\index.php(79): CodeIgniter\CodeIgniter->run()
CRITICAL - 2023-11-29 10:20:42 --> Undefined variable $user
in APPPATH\Views\profile_view.php on line 9.
 1 APPPATH\Views\profile_view.php(9): CodeIgniter\Debug\Exceptions->errorHandler(2, 'Undefined variable $user', 'C:\\xampp\\htdocs\\eComm_project\\app\\Views\\profile_view.php', 9)
 2 SYSTEMPATH\View\View.php(228): include('C:\\xampp\\htdocs\\eComm_project\\app\\Views\\profile_view.php')
 3 SYSTEMPATH\View\View.php(231): CodeIgniter\View\View->CodeIgniter\View\{closure}()
 4 SYSTEMPATH\Common.php(1190): CodeIgniter\View\View->render('profile_view', [], true)
 5 APPPATH\Controllers\User.php(20): view('profile_view', [...])
 6 SYSTEMPATH\CodeIgniter.php(942): App\Controllers\User->profile('ID-20231124-124020-1')
 7 SYSTEMPATH\CodeIgniter.php(502): CodeIgniter\CodeIgniter->runController(Object(App\Controllers\User))
 8 SYSTEMPATH\CodeIgniter.php(361): CodeIgniter\CodeIgniter->handleRequest(null, Object(Config\Cache), false)
 9 FCPATH\index.php(79): CodeIgniter\CodeIgniter->run()
CRITICAL - 2023-11-29 10:25:31 --> Undefined variable $data
in APPPATH\Views\profile_view.php on line 9.
 1 APPPATH\Views\profile_view.php(9): CodeIgniter\Debug\Exceptions->errorHandler(2, 'Undefined variable $data', 'C:\\xampp\\htdocs\\eComm_project\\app\\Views\\profile_view.php', 9)
 2 SYSTEMPATH\View\View.php(228): include('C:\\xampp\\htdocs\\eComm_project\\app\\Views\\profile_view.php')
 3 SYSTEMPATH\View\View.php(231): CodeIgniter\View\View->CodeIgniter\View\{closure}()
 4 SYSTEMPATH\Common.php(1190): CodeIgniter\View\View->render('profile_view', [], true)
 5 APPPATH\Controllers\User.php(20): view('profile_view', [...])
 6 SYSTEMPATH\CodeIgniter.php(942): App\Controllers\User->profile('ID-20231124-124020-1')
 7 SYSTEMPATH\CodeIgniter.php(502): CodeIgniter\CodeIgniter->runController(Object(App\Controllers\User))
 8 SYSTEMPATH\CodeIgniter.php(361): CodeIgniter\CodeIgniter->handleRequest(null, Object(Config\Cache), false)
 9 FCPATH\index.php(79): CodeIgniter\CodeIgniter->run()
CRITICAL - 2023-11-29 10:29:05 --> Array to string conversion
in APPPATH\Views\profile_view.php on line 9.
 1 APPPATH\Views\profile_view.php(9): CodeIgniter\Debug\Exceptions->errorHandler(2, 'Array to string conversion', 'C:\\xampp\\htdocs\\eComm_project\\app\\Views\\profile_view.php', 9)
 2 SYSTEMPATH\View\View.php(228): include('C:\\xampp\\htdocs\\eComm_project\\app\\Views\\profile_view.php')
 3 SYSTEMPATH\View\View.php(231): CodeIgniter\View\View->CodeIgniter\View\{closure}()
 4 SYSTEMPATH\Common.php(1190): CodeIgniter\View\View->render('profile_view', [], true)
 5 APPPATH\Controllers\User.php(22): view('profile_view', [...])
 6 SYSTEMPATH\CodeIgniter.php(942): App\Controllers\User->profile('ID-20231124-124020-1')
 7 SYSTEMPATH\CodeIgniter.php(502): CodeIgniter\CodeIgniter->runController(Object(App\Controllers\User))
 8 SYSTEMPATH\CodeIgniter.php(361): CodeIgniter\CodeIgniter->handleRequest(null, Object(Config\Cache), false)
 9 FCPATH\index.php(79): CodeIgniter\CodeIgniter->run()
CRITICAL - 2023-11-29 10:29:34 --> Undefined array key "name"
in APPPATH\Views\profile_view.php on line 9.
 1 APPPATH\Views\profile_view.php(9): CodeIgniter\Debug\Exceptions->errorHandler(2, 'Undefined array key "name"', 'C:\\xampp\\htdocs\\eComm_project\\app\\Views\\profile_view.php', 9)
 2 SYSTEMPATH\View\View.php(228): include('C:\\xampp\\htdocs\\eComm_project\\app\\Views\\profile_view.php')
 3 SYSTEMPATH\View\View.php(231): CodeIgniter\View\View->CodeIgniter\View\{closure}()
 4 SYSTEMPATH\Common.php(1190): CodeIgniter\View\View->render('profile_view', [], true)
 5 APPPATH\Controllers\User.php(22): view('profile_view', [...])
 6 SYSTEMPATH\CodeIgniter.php(942): App\Controllers\User->profile('ID-20231124-124020-1')
 7 SYSTEMPATH\CodeIgniter.php(502): CodeIgniter\CodeIgniter->runController(Object(App\Controllers\User))
 8 SYSTEMPATH\CodeIgniter.php(361): CodeIgniter\CodeIgniter->handleRequest(null, Object(Config\Cache), false)
 9 FCPATH\index.php(79): CodeIgniter\CodeIgniter->run()
CRITICAL - 2023-11-29 10:29:54 --> Cannot use object of type stdClass as array
in APPPATH\Views\profile_view.php on line 9.
 1 SYSTEMPATH\View\View.php(228): include()
 2 SYSTEMPATH\View\View.php(231): CodeIgniter\View\View->CodeIgniter\View\{closure}()
 3 SYSTEMPATH\Common.php(1190): CodeIgniter\View\View->render('profile_view', [], true)
 4 APPPATH\Controllers\User.php(22): view('profile_view', [...])
 5 SYSTEMPATH\CodeIgniter.php(942): App\Controllers\User->profile('ID-20231124-124020-1')
 6 SYSTEMPATH\CodeIgniter.php(502): CodeIgniter\CodeIgniter->runController(Object(App\Controllers\User))
 7 SYSTEMPATH\CodeIgniter.php(361): CodeIgniter\CodeIgniter->handleRequest(null, Object(Config\Cache), false)
 8 FCPATH\index.php(79): CodeIgniter\CodeIgniter->run()
CRITICAL - 2023-11-29 10:34:25 --> Undefined array key "add"
in APPPATH\Views\profile_view.php on line 12.
 1 APPPATH\Views\profile_view.php(12): CodeIgniter\Debug\Exceptions->errorHandler(2, 'Undefined array key "add"', 'C:\\xampp\\htdocs\\eComm_project\\app\\Views\\profile_view.php', 12)
 2 SYSTEMPATH\View\View.php(228): include('C:\\xampp\\htdocs\\eComm_project\\app\\Views\\profile_view.php')
 3 SYSTEMPATH\View\View.php(231): CodeIgniter\View\View->CodeIgniter\View\{closure}()
 4 SYSTEMPATH\Common.php(1190): CodeIgniter\View\View->render('profile_view', [], true)
 5 APPPATH\Controllers\User.php(22): view('profile_view', [...])
 6 SYSTEMPATH\CodeIgniter.php(942): App\Controllers\User->profile('ID-20231124-124020-1')
 7 SYSTEMPATH\CodeIgniter.php(502): CodeIgniter\CodeIgniter->runController(Object(App\Controllers\User))
 8 SYSTEMPATH\CodeIgniter.php(361): CodeIgniter\CodeIgniter->handleRequest(null, Object(Config\Cache), false)
 9 FCPATH\index.php(79): CodeIgniter\CodeIgniter->run()
